<?xml version="1.0" encoding="UTF-8"?>
<!-- Generated by org.testng.reporters.JUnitXMLReporter -->
<testsuite ignored="8" hostname="RAJESH" failures="1" tests="5" name="Test" time="6.151" errors="0" timestamp="2023-11-08T12:46:06 IST">
  <testcase classname="amazonTestSuite.AmazonPaymentcase5" name="Scanner" time="0.007"/>
  <testcase classname="amazonTestSuite.AmazonPaymentcase4" name="cod" time="0.002"/>
  <testcase classname="amazonTestSuite.AmazonPaymentcase1" name="creditcard" time="0.001">
    <failure type="java.lang.NullPointerException" message="Cannot invoke &amp;quot;org.openqa.selenium.chrome.ChromeDriver.findElement(org.openqa.selenium.By)&amp;quot; because &amp;quot;this.d&amp;quot; is null">
      <![CDATA[java.lang.NullPointerException: Cannot invoke "org.openqa.selenium.chrome.ChromeDriver.findElement(org.openqa.selenium.By)" because "this.d" is null
at amazonTestSuite.AmazonPaymentcase1.creditcard(AmazonPaymentcase1.java:21)
at java.base/java.util.ArrayList.forEach(ArrayList.java:1511)
... Removed 27 stack frames]]>
    </failure>
  </testcase> <!-- creditcard -->
  <testcase classname="amazonTestSuite.AmazonPaymentcase3" name="Amazonpay" time="0.001"/>
  <testcase classname="amazonTestSuite.AmazonPaymentcase2" name="upi" time="0.005"/>
  <testcase classname="amazonTestSuite.AmazonOpennClose" name="@BeforeTest open" time="0.0">
    <ignored/>
  </testcase> <!-- @BeforeTest open -->
  <testcase classname="amazonTestSuite.AmazonOpennClose" name="@BeforeTest open" time="0.0">
    <ignored/>
  </testcase> <!-- @BeforeTest open -->
  <testcase classname="amazonTestSuite.AmazonOpennClose" name="@AfterTest close" time="0.0">
    <ignored/>
  </testcase> <!-- @AfterTest close -->
  <testcase classname="amazonTestSuite.AmazonOpennClose" name="@BeforeTest open" time="0.0">
    <ignored/>
  </testcase> <!-- @BeforeTest open -->
  <testcase classname="amazonTestSuite.AmazonOpennClose" name="@AfterTest close" time="0.0">
    <ignored/>
  </testcase> <!-- @AfterTest close -->
  <testcase classname="amazonTestSuite.AmazonOpennClose" name="@BeforeTest open" time="0.0">
    <ignored/>
  </testcase> <!-- @BeforeTest open -->
  <testcase classname="amazonTestSuite.AmazonOpennClose" name="@AfterTest close" time="0.0">
    <ignored/>
  </testcase> <!-- @AfterTest close -->
  <testcase classname="amazonTestSuite.AmazonOpennClose" name="@AfterTest close" time="0.0">
    <ignored/>
  </testcase> <!-- @AfterTest close -->
</testsuite> <!-- Test -->
